c:\data\code\lua\lua_03\luadll\debug\vc120.pdb
c:\data\code\lua\lua_03\luadll\debug\vc120.idb
c:\data\code\lua\lua_03\luadll\debug\liolib.obj
c:\data\code\lua\lua_03\luadll\debug\llex.obj
c:\data\code\lua\lua_03\luadll\debug\lmathlib.obj
c:\data\code\lua\lua_03\luadll\debug\lmem.obj
c:\data\code\lua\lua_03\luadll\debug\loadlib.obj
c:\data\code\lua\lua_03\luadll\debug\lobject.obj
c:\data\code\lua\lua_03\luadll\debug\lopcodes.obj
c:\data\code\lua\lua_03\luadll\debug\loslib.obj
c:\data\code\lua\lua_03\luadll\debug\lparser.obj
c:\data\code\lua\lua_03\luadll\debug\lstate.obj
c:\data\code\lua\lua_03\luadll\debug\lstring.obj
c:\data\code\lua\lua_03\luadll\debug\lstrlib.obj
c:\data\code\lua\lua_03\luadll\debug\ltable.obj
c:\data\code\lua\lua_03\luadll\debug\ltablib.obj
c:\data\code\lua\lua_03\luadll\debug\ltm.obj
c:\data\code\lua\lua_03\luadll\debug\lua.obj
c:\data\code\lua\lua_03\luadll\debug\lundump.obj
c:\data\code\lua\lua_03\luadll\debug\lutf8lib.obj
c:\data\code\lua\lua_03\luadll\debug\lvm.obj
c:\data\code\lua\lua_03\luadll\debug\lzio.obj
c:\data\code\lua\lua_03\luadll\debug\lapi.obj
c:\data\code\lua\lua_03\luadll\debug\lauxlib.obj
c:\data\code\lua\lua_03\luadll\debug\lbaselib.obj
c:\data\code\lua\lua_03\luadll\debug\lbitlib.obj
c:\data\code\lua\lua_03\luadll\debug\lcode.obj
c:\data\code\lua\lua_03\luadll\debug\lcorolib.obj
c:\data\code\lua\lua_03\luadll\debug\lctype.obj
c:\data\code\lua\lua_03\luadll\debug\ldblib.obj
c:\data\code\lua\lua_03\luadll\debug\ldebug.obj
c:\data\code\lua\lua_03\luadll\debug\ldo.obj
c:\data\code\lua\lua_03\luadll\debug\ldump.obj
c:\data\code\lua\lua_03\luadll\debug\lfunc.obj
c:\data\code\lua\lua_03\luadll\debug\lgc.obj
c:\data\code\lua\lua_03\luadll\debug\linit.obj
c:\data\code\lua\lua_03\debug\luadll.lib
c:\data\code\lua\lua_03\luadll\debug\luadll.tlog\cl.command.1.tlog
c:\data\code\lua\lua_03\luadll\debug\luadll.tlog\cl.read.1.tlog
c:\data\code\lua\lua_03\luadll\debug\luadll.tlog\cl.write.1.tlog
c:\data\code\lua\lua_03\luadll\debug\luadll.tlog\lib-link.read.1.tlog
c:\data\code\lua\lua_03\luadll\debug\luadll.tlog\lib-link.write.1.tlog
c:\data\code\lua\lua_03\luadll\debug\luadll.tlog\lib.command.1.tlog
